{"/Users/sergelawson/Documents/Dev/tdd/jestcc/src/fetchData.ts": {"path":"/Users/sergelawson/Documents/Dev/tdd/jestcc/src/fetchData.ts","all":false,"statementMap":{"0":{"start":{"line":1,"column":0},"end":{"line":1,"column":26}},"1":{"start":{"line":2,"column":0},"end":{"line":2,"column":0}},"2":{"start":{"line":3,"column":0},"end":{"line":3,"column":41}},"3":{"start":{"line":4,"column":0},"end":{"line":4,"column":35}},"4":{"start":{"line":5,"column":0},"end":{"line":5,"column":54}},"5":{"start":{"line":6,"column":0},"end":{"line":6,"column":4}},"6":{"start":{"line":7,"column":0},"end":{"line":7,"column":14}},"7":{"start":{"line":8,"column":0},"end":{"line":8,"column":2}},"8":{"start":{"line":9,"column":0},"end":{"line":9,"column":0}},"9":{"start":{"line":10,"column":0},"end":{"line":10,"column":21}}},"s":{"0":1,"1":1,"2":1,"3":1,"4":1,"5":1,"6":1,"7":1,"8":1,"9":1},"branchMap":{"0":{"type":"branch","line":3,"loc":{"start":{"line":3,"column":18},"end":{"line":8,"column":2}},"locations":[{"start":{"line":3,"column":18},"end":{"line":8,"column":2}}]},"1":{"type":"branch","line":3,"loc":{"start":{"line":3,"column":39},"end":{"line":8,"column":2}},"locations":[{"start":{"line":3,"column":39},"end":{"line":8,"column":2}}]}},"b":{"0":[1],"1":[1]},"fnMap":{"0":{"name":"fetchData","decl":{"start":{"line":3,"column":18},"end":{"line":8,"column":2}},"loc":{"start":{"line":3,"column":18},"end":{"line":8,"column":2}},"line":3}},"f":{"0":1}}
,"/Users/sergelawson/Documents/Dev/tdd/jestcc/src/setup.ts": {"path":"/Users/sergelawson/Documents/Dev/tdd/jestcc/src/setup.ts","all":false,"statementMap":{"0":{"start":{"line":1,"column":0},"end":{"line":1,"column":54}},"1":{"start":{"line":2,"column":0},"end":{"line":2,"column":20}},"2":{"start":{"line":3,"column":0},"end":{"line":3,"column":2}},"3":{"start":{"line":4,"column":0},"end":{"line":4,"column":0}},"4":{"start":{"line":5,"column":0},"end":{"line":5,"column":60}},"5":{"start":{"line":6,"column":0},"end":{"line":6,"column":23}},"6":{"start":{"line":7,"column":0},"end":{"line":7,"column":2}},"7":{"start":{"line":8,"column":0},"end":{"line":8,"column":0}},"8":{"start":{"line":9,"column":0},"end":{"line":9,"column":36}}},"s":{"0":1,"1":1,"2":1,"3":1,"4":1,"5":1,"6":1,"7":1,"8":1},"branchMap":{"0":{"type":"branch","line":1,"loc":{"start":{"line":1,"column":17},"end":{"line":3,"column":2}},"locations":[{"start":{"line":1,"column":17},"end":{"line":3,"column":2}}]},"1":{"type":"branch","line":5,"loc":{"start":{"line":5,"column":23},"end":{"line":7,"column":2}},"locations":[{"start":{"line":5,"column":23},"end":{"line":7,"column":2}}]}},"b":{"0":[1],"1":[1]},"fnMap":{"0":{"name":"addToEnd","decl":{"start":{"line":1,"column":17},"end":{"line":3,"column":2}},"loc":{"start":{"line":1,"column":17},"end":{"line":3,"column":2}},"line":1},"1":{"name":"addToBeginning","decl":{"start":{"line":5,"column":23},"end":{"line":7,"column":2}},"loc":{"start":{"line":5,"column":23},"end":{"line":7,"column":2}},"line":5}},"f":{"0":1,"1":1}}
,"/Users/sergelawson/Documents/Dev/tdd/jestcc/src/sum.ts": {"path":"/Users/sergelawson/Documents/Dev/tdd/jestcc/src/sum.ts","all":false,"statementMap":{"0":{"start":{"line":1,"column":0},"end":{"line":1,"column":39}},"1":{"start":{"line":2,"column":0},"end":{"line":2,"column":15}},"2":{"start":{"line":3,"column":0},"end":{"line":3,"column":2}},"3":{"start":{"line":4,"column":0},"end":{"line":4,"column":0}},"4":{"start":{"line":5,"column":0},"end":{"line":5,"column":15}}},"s":{"0":1,"1":1,"2":1,"3":1,"4":1},"branchMap":{"0":{"type":"branch","line":1,"loc":{"start":{"line":1,"column":12},"end":{"line":3,"column":2}},"locations":[{"start":{"line":1,"column":12},"end":{"line":3,"column":2}}]}},"b":{"0":[1]},"fnMap":{"0":{"name":"sum","decl":{"start":{"line":1,"column":12},"end":{"line":3,"column":2}},"loc":{"start":{"line":1,"column":12},"end":{"line":3,"column":2}},"line":1}},"f":{"0":1}}
}
